Jun-05 07:29:56.843 [main] DEBUG nextflow.cli.Launcher - $> nextflow run test_combine.nf
Jun-05 07:29:56.951 [main] DEBUG nextflow.cli.CmdRun - N E X T F L O W  ~  version 24.04.2
Jun-05 07:29:56.975 [main] DEBUG nextflow.plugin.PluginsFacade - Setting up plugin manager > mode=prod; embedded=false; plugins-dir=/Users/olgabot/.nextflow/plugins; core-plugins: nf-amazon@2.5.2,nf-azure@1.6.0,nf-cloudcache@0.4.1,nf-codecommit@0.2.0,nf-console@1.1.3,nf-ga4gh@1.3.0,nf-google@1.13.2,nf-tower@1.9.1,nf-wave@1.4.2
Jun-05 07:29:56.986 [main] INFO  o.pf4j.DefaultPluginStatusProvider - Enabled plugins: []
Jun-05 07:29:56.987 [main] INFO  o.pf4j.DefaultPluginStatusProvider - Disabled plugins: []
Jun-05 07:29:56.991 [main] INFO  org.pf4j.DefaultPluginManager - PF4J version 3.10.0 in 'deployment' mode
Jun-05 07:29:57.013 [main] INFO  org.pf4j.AbstractPluginManager - No plugins
Jun-05 07:29:57.078 [main] DEBUG nextflow.cli.CmdRun - Applied DSL=2 by global default
Jun-05 07:29:57.092 [main] DEBUG nextflow.cli.CmdRun - Launching `test_combine.nf` [naughty_poitras] DSL2 - revision: d5e9775c76
Jun-05 07:29:57.093 [main] DEBUG nextflow.plugin.PluginsFacade - Plugins default=[]
Jun-05 07:29:57.094 [main] DEBUG nextflow.plugin.PluginsFacade - Plugins resolved requirement=[]
Jun-05 07:29:57.149 [main] DEBUG nextflow.Session - Session UUID: 2edb89a6-a2f0-4dd1-88bd-0a9d5073d8c0
Jun-05 07:29:57.150 [main] DEBUG nextflow.Session - Run name: naughty_poitras
Jun-05 07:29:57.150 [main] DEBUG nextflow.Session - Executor pool size: 16
Jun-05 07:29:57.158 [main] DEBUG nextflow.file.FilePorter - File porter settings maxRetries=3; maxTransfers=50; pollTimeout=null
Jun-05 07:29:57.184 [main] DEBUG nextflow.cli.CmdRun - 
  Version: 24.04.2 build 5914
  Created: 29-05-2024 06:19 UTC (28-05-2024 23:19 PDT)
  System: Mac OS X 14.4.1
  Runtime: Groovy 4.0.21 on OpenJDK 64-Bit Server VM 21+35
  Encoding: UTF-8 (UTF-8)
  Process: 17956@Olgas-MacBook-Pro-2.local [127.0.0.1]
  CPUs: 16 - Mem: 16 GB (355.1 MB) - Swap: 4 GB (1.1 GB) - Virtual threads ON
Jun-05 07:29:57.198 [main] DEBUG nextflow.Session - Work-dir: /Users/olgabot/code/nextflow-each-metadata-error/work [Mac OS X]
Jun-05 07:29:57.199 [main] DEBUG nextflow.Session - Script base path does not exist or is not a directory: /Users/olgabot/code/nextflow-each-metadata-error/bin
Jun-05 07:29:57.212 [main] DEBUG nextflow.executor.ExecutorFactory - Extension executors providers=[]
Jun-05 07:29:57.224 [main] DEBUG nextflow.Session - Observer factory: DefaultObserverFactory
Jun-05 07:29:57.251 [main] DEBUG nextflow.cache.CacheFactory - Using Nextflow cache factory: nextflow.cache.DefaultCacheFactory
Jun-05 07:29:57.259 [main] DEBUG nextflow.util.CustomPoolFactory - Creating virtual thread pool
Jun-05 07:29:57.322 [main] DEBUG nextflow.Session - Session start
Jun-05 07:29:57.525 [main] DEBUG nextflow.script.ScriptRunner - Parsed script files:
Jun-05 07:29:57.533 [main] ERROR nextflow.cli.Launcher - Script compilation error
- file : /Users/olgabot/code/nextflow-each-metadata-error/test_combine.nf
- cause: Unexpected input: '{' @ line 1, column 22.
   process test_combine {
                        ^

1 error

NOTE: If this is the beginning of a process or workflow, there may be a syntax error in the body, such as a missing or extra comma, for which a more specific error message could not be produced.
nextflow.exception.ScriptCompilationException: Script compilation error
- file : /Users/olgabot/code/nextflow-each-metadata-error/test_combine.nf
- cause: Unexpected input: '{' @ line 1, column 22.
   process test_combine {
                        ^

1 error

NOTE: If this is the beginning of a process or workflow, there may be a syntax error in the body, such as a missing or extra comma, for which a more specific error message could not be produced.
	at nextflow.script.ScriptParser.parse0(ScriptParser.groovy:196)
	at nextflow.script.ScriptParser.parse(ScriptParser.groovy:206)
	at nextflow.script.ScriptRunner.parseScript(ScriptRunner.groovy:229)
	at nextflow.script.ScriptRunner.execute(ScriptRunner.groovy:136)
	at nextflow.cli.CmdRun.run(CmdRun.groovy:372)
	at nextflow.cli.Launcher.run(Launcher.groovy:503)
	at nextflow.cli.Launcher.main(Launcher.groovy:657)
Caused by: org.codehaus.groovy.control.MultipleCompilationErrorsException: startup failed:
Script_a3d52b61af450596: 1: Unexpected input: '{' @ line 1, column 22.
   process test_combine {
                        ^

1 error

	at org.codehaus.groovy.control.ErrorCollector.failIfErrors(ErrorCollector.java:292)
	at org.codehaus.groovy.control.ErrorCollector.addFatalError(ErrorCollector.java:148)
	at org.apache.groovy.parser.antlr4.AstBuilder.collectSyntaxError(AstBuilder.java:4753)
	at org.apache.groovy.parser.antlr4.AstBuilder.access$100(AstBuilder.java:169)
	at org.apache.groovy.parser.antlr4.AstBuilder$3.syntaxError(AstBuilder.java:4764)
	at groovyjarjarantlr4.v4.runtime.ProxyErrorListener.syntaxError(ProxyErrorListener.java:44)
	at groovyjarjarantlr4.v4.runtime.Parser.notifyErrorListeners(Parser.java:543)
	at groovyjarjarantlr4.v4.runtime.DefaultErrorStrategy.notifyErrorListeners(DefaultErrorStrategy.java:154)
	at org.apache.groovy.parser.antlr4.internal.DescriptiveErrorStrategy.reportInputMismatch(DescriptiveErrorStrategy.java:104)
	at org.apache.groovy.parser.antlr4.internal.DescriptiveErrorStrategy.recover(DescriptiveErrorStrategy.java:55)
	at org.apache.groovy.parser.antlr4.internal.DescriptiveErrorStrategy.recoverInline(DescriptiveErrorStrategy.java:68)
	at groovyjarjarantlr4.v4.runtime.Parser.match(Parser.java:213)
	at org.apache.groovy.parser.antlr4.GroovyParser.compilationUnit(GroovyParser.java:368)
	at org.apache.groovy.parser.antlr4.AstBuilder.buildCST(AstBuilder.java:243)
	at org.apache.groovy.parser.antlr4.AstBuilder.buildCST(AstBuilder.java:221)
	at org.apache.groovy.parser.antlr4.AstBuilder.buildAST(AstBuilder.java:262)
	at org.apache.groovy.parser.antlr4.Antlr4ParserPlugin.buildAST(Antlr4ParserPlugin.java:58)
	at org.codehaus.groovy.control.SourceUnit.buildAST(SourceUnit.java:256)
	at java.base/java.util.Iterator.forEachRemaining(Iterator.java:133)
	at java.base/java.util.Spliterators$IteratorSpliterator.forEachRemaining(Spliterators.java:1939)
	at java.base/java.util.stream.ReferencePipeline$Head.forEach(ReferencePipeline.java:762)
	at org.codehaus.groovy.control.CompilationUnit.compile(CompilationUnit.java:663)
	at groovy.lang.GroovyClassLoader.doParseClass(GroovyClassLoader.java:373)
	at groovy.lang.GroovyClassLoader.lambda$parseClass$2(GroovyClassLoader.java:316)
	at org.codehaus.groovy.runtime.memoize.StampedCommonCache.compute(StampedCommonCache.java:163)
	at org.codehaus.groovy.runtime.memoize.StampedCommonCache.getAndPut(StampedCommonCache.java:154)
	at groovy.lang.GroovyClassLoader.parseClass(GroovyClassLoader.java:314)
	at groovy.lang.GroovyShell.parseClass(GroovyShell.java:572)
	at groovy.lang.GroovyShell.parse(GroovyShell.java:585)
	at groovy.lang.GroovyShell.parse(GroovyShell.java:639)
	at groovy.lang.GroovyShell.parse(GroovyShell.java:643)
	at nextflow.script.ScriptParser.parse0(ScriptParser.groovy:175)
	... 6 common frames omitted
